app/proguard-rules.pro
# Add project specific ProGuard rules here.
# You can control the set of applied configuration files using the
# proguardFiles setting in build.gradle.

-dontwarn android.bluetooth.BluetoothActivityEnergyInfo
-dontwarn dalvik.system.**
-dontwarn libcore.util.**
-dontwarn sun.misc.Cleaner