app/build/outputs/mapping/release/configuration.txt
# The proguard configuration file for the following section is Android Gradle plugin 9.2.1 (extracted file: /home/Rve/ax/packages/apps/AxDiagnostics/app/build/intermediates/default_proguard_files/global/proguard-android-optimize.txt-9.2.1)
# This is a configuration file for ProGuard.
# http://proguard.sourceforge.net/index.html#manual/usage.html
#
# Starting with version 2.2 of the Android plugin for Gradle, this file is distributed together with
# the plugin and unpacked at build-time. The files in $ANDROID_HOME are no longer maintained and
# will be ignored by new version of the Android plugin for Gradle.

# Optimizations: If you don't want to optimize, use the proguard-android.txt configuration file
# instead of this one, which turns off the optimization flags.
-allowaccessmodification

# Preserve some attributes that may be required for reflection.
-keepattributes AnnotationDefault,
                EnclosingMethod,
                InnerClasses,
                RuntimeVisibleAnnotations,
                RuntimeVisibleParameterAnnotations,
                RuntimeVisibleTypeAnnotations,
                Signature

-keep public class com.google.vending.licensing.ILicensingService
-keep public class com.android.vending.licensing.ILicensingService
-keep public class com.google.android.vending.licensing.ILicensingService
-dontnote com.android.vending.licensing.ILicensingService
-dontnote com.google.vending.licensing.ILicensingService
-dontnote com.google.android.vending.licensing.ILicensingService

# For native methods, see https://www.guardsquare.com/manual/configuration/examples#native
-keepclasseswithmembernames,includedescriptorclasses class * {
    native <methods>;
}

# Keep setters in Views so that animations can still work.
-keepclassmembers public class * extends android.view.View {
    void set*(***);
    *** get*();
}

# We want to keep methods in Activity that could be used in the XML attribute onClick.
-keepclassmembers class * extends android.app.Activity {
    public void *(android.view.View);
}

# For enumeration classes, see https://www.guardsquare.com/manual/configuration/examples#enumerations
-keepclassmembers enum * {
    public static **[] values();
    public static ** valueOf(java.lang.String);
}

-keepclassmembers class * implements android.os.Parcelable {
    public static final ** CREATOR;
}

# Preserve annotated Javascript interface methods.
-keepclassmembers class * {
    @android.webkit.JavascriptInterface <methods>;
}

# The support libraries contains references to newer platform versions.
# Don't warn about those in case this app is linking against an older
# platform version. We know about them, and they are safe.
-dontnote android.support.**
-dontnote androidx.**
-dontwarn android.support.**
-dontwarn androidx.**

# Understand the @Keep support annotation.
-keep class android.support.annotation.Keep

-keep @android.support.annotation.Keep class * {*;}

-keepclasseswithmembers class * {
    @android.support.annotation.Keep <methods>;
}

-keepclasseswithmembers class * {
    @android.support.annotation.Keep <fields>;
}

-keepclasseswithmembers class * {
    @android.support.annotation.Keep <init>(...);
}

# These classes are duplicated between android.jar and org.apache.http.legacy.jar.
-dontnote org.apache.http.**
-dontnote android.net.http.**

# These classes are duplicated between android.jar and core-lambda-stubs.jar.
-dontnote java.lang.invoke.**

# End of content from Android Gradle plugin 9.2.1 (extracted file: /home/Rve/ax/packages/apps/AxDiagnostics/app/build/intermediates/default_proguard_files/global/proguard-android-optimize.txt-9.2.1)
# The proguard configuration file for the following section is AxDiagnostics/app/proguard-rules.pro
# Add project specific ProGuard rules here.
# You can control the set of applied configuration files using the
# proguardFiles setting in build.gradle.

-dontwarn android.bluetooth.BluetoothActivityEnergyInfo
-dontwarn dalvik.system.**
-dontwarn libcore.util.**
-dontwarn sun.misc.Cleaner

# End of content from AxDiagnostics/app/proguard-rules.pro
# The proguard configuration file for the following section is androidx.hilt:hilt-navigation-compose:1.3.0 (extracted file: /home/Rve/.gradle/caches/9.6.1/transforms/55415228824f83d30af424a94d02a4aa/transformed/hilt-navigation-compose-1.3.0/proguard.txt)
# Intentionally empty proguard rules to indicate this library is safe to shrink

# End of content from androidx.hilt:hilt-navigation-compose:1.3.0 (extracted file: /home/Rve/.gradle/caches/9.6.1/transforms/55415228824f83d30af424a94d02a4aa/transformed/hilt-navigation-compose-1.3.0/proguard.txt)
# The proguard configuration file for the following section is androidx.hilt:hilt-lifecycle-viewmodel-compose:1.3.0 (extracted file: /home/Rve/.gradle/caches/9.6.1/transforms/0df370e91871e73416a4958a4ab4953c/transformed/hilt-lifecycle-viewmodel-compose-1.3.0/proguard.txt)
# Intentionally empty proguard rules to indicate this library is safe to shrink

# End of content from androidx.hilt:hilt-lifecycle-viewmodel-compose:1.3.0 (extracted file: /home/Rve/.gradle/caches/9.6.1/transforms/0df370e91871e73416a4958a4ab4953c/transformed/hilt-lifecycle-viewmodel-compose-1.3.0/proguard.txt)
# The proguard configuration file for the following section is androidx.hilt:hilt-lifecycle-viewmodel:1.3.0 (extracted file: /home/Rve/.gradle/caches/9.6.1/transforms/8081cdff33c3749df77100a818972e9c/transformed/hilt-lifecycle-viewmodel-1.3.0/proguard.txt)
# Intentionally empty proguard rules to indicate this library is safe to shrink

# End of content from androidx.hilt:hilt-lifecycle-viewmodel:1.3.0 (extracted file: /home/Rve/.gradle/caches/9.6.1/transforms/8081cdff33c3749df77100a818972e9c/transformed/hilt-lifecycle-viewmodel-1.3.0/proguard.txt)
# The proguard configuration file for the following section is com.google.dagger:hilt-android:2.60 (extracted file: /home/Rve/.gradle/caches/9.6.1/transforms/d17cd34045cd7a733a281c6ade972568/transformed/hilt-android-2.60/proguard.txt)
# Keep for the reflective cast done in EntryPoints.
# See b/183070411#comment4 for more info.
-keep,allowobfuscation,allowshrinking @dagger.hilt.EntryPoint class *# Keep for the reflective cast done in EntryPoints.
# See b/183070411#comment4 for more info.
-keep,allowobfuscation,allowshrinking @dagger.hilt.internal.ComponentEntryPoint class *
-keep,allowobfuscation,allowshrinking @dagger.hilt.internal.GeneratedEntryPoint class *
-keep,allowobfuscation,allowshrinking @dagger.hilt.android.EarlyEntryPoint class *
# End of content from com.google.dagger:hilt-android:2.60 (extracted file: /home/Rve/.gradle/caches/9.6.1/transforms/d17cd34045cd7a733a281c6ade972568/transformed/hilt-android-2.60/proguard.txt)
# The proguard configuration file for the following section is androidx.navigation:navigation-runtime-android:2.9.8 (extracted file: /home/Rve/.gradle/caches/9.6.1/transforms/4040b5b804f839a09c3b1c7e27079de1/transformed/navigation-runtime-release/proguard.txt)
# Intentionally empty proguard rules to indicate this library is safe to shrink

# End of content from androidx.navigation:navigation-runtime-android:2.9.8 (extracted file: /home/Rve/.gradle/caches/9.6.1/transforms/4040b5b804f839a09c3b1c7e27079de1/transformed/navigation-runtime-release/proguard.txt)
# The proguard configuration file for the following section is androidx.navigation:navigation-common-android:2.9.8 (extracted file: /home/Rve/.gradle/caches/9.6.1/transforms/b869f41539887457a44b88bfaa2db78c/transformed/navigation-common-release/proguard.txt)
# Copyright (C) 2019 The Android Open Source Project
#
# Licensed under the Apache License, Version 2.0 (the "License");
# you may not use this file except in compliance with the License.
# You may obtain a copy of the License at
#
#      http://www.apache.org/licenses/LICENSE-2.0
#
# Unless required by applicable law or agreed to in writing, software
# distributed under the License is distributed on an "AS IS" BASIS,
# WITHOUT WARRANTIES OR CONDITIONS OF ANY KIND, either express or implied.
# See the License for the specific language governing permissions and
# limitations under the License.

# NavArgsLazy creates NavArgs instances using reflection
-if public class ** implements androidx.navigation.NavArgs
-keepclassmembers public class <1> {
    ** fromBundle(android.os.Bundle);
}

# Retain the @Navigator.Name annotation on each subclass of Navigator.
# R8 full mode only retains annotations on items matched by a -keep rule,
# hence the extra -keep rule for the subclasses of Navigator.
#
# A -keep rule for the Navigator.Name annotation class is not required
# since the annotation is referenced from the code.
-keepattributes RuntimeVisibleAnnotations
-keep,allowobfuscation,allowshrinking class * extends androidx.navigation.Navigator

# End of content from androidx.navigation:navigation-common-android:2.9.8 (extracted file: /home/Rve/.gradle/caches/9.6.1/transforms/b869f41539887457a44b88bfaa2db78c/transformed/navigation-common-release/proguard.txt)
# The proguard configuration file for the following section is androidx.navigation:navigation-compose-android:2.9.8 (extracted file: /home/Rve/.gradle/caches/9.6.1/transforms/551d761bc0ab58cfe65e03b4eb39f4c3/transformed/navigation-compose-release/proguard.txt)
# Intentionally empty proguard rules to indicate this library is safe to shrink

# End of content from androidx.navigation:navigation-compose-android:2.9.8 (extracted file: /home/Rve/.gradle/caches/9.6.1/transforms/551d761bc0ab58cfe65e03b4eb39f4c3/transformed/navigation-compose-release/proguard.txt)
# The proguard configuration file for the following section is androidx.fragment:fragment:1.5.1 (extracted file: /home/Rve/.gradle/caches/9.6.1/transforms/fcb932f241ca85b3609001de3b64644a/transformed/fragment-1.5.1/proguard.txt)
# Copyright (C) 2020 The Android Open Source Project
#
# Licensed under the Apache License, Version 2.0 (the "License");
# you may not use this file except in compliance with the License.
# You may obtain a copy of the License at
#
#      http://www.apache.org/licenses/LICENSE-2.0
#
# Unless required by applicable law or agreed to in writing, software
# distributed under the License is distributed on an "AS IS" BASIS,
# WITHOUT WARRANTIES OR CONDITIONS OF ANY KIND, either express or implied.
# See the License for the specific language governing permissions and
# limitations under the License.

# The default FragmentFactory creates Fragment instances using reflection
-if public class ** extends androidx.fragment.app.Fragment
-keepclasseswithmembers,allowobfuscation public class <1> {
    public <init>();
}

# End of content from androidx.fragment:fragment:1.5.1 (extracted file: /home/Rve/.gradle/caches/9.6.1/transforms/fcb932f241ca85b3609001de3b64644a/transformed/fragment-1.5.1/proguard.txt)
# The proguard configuration file for the following section is androidx.core:core-splashscreen:1.2.0 (extracted file: /home/Rve/.gradle/caches/9.6.1/transforms/dd6be0543101c3b2bc1356328309f54e/transformed/core-splashscreen-1.2.0/proguard.txt)
# Intentionally empty proguard rules to indicate this library is safe to shrink

# End of content from androidx.core:core-splashscreen:1.2.0 (extracted file: /home/Rve/.gradle/caches/9.6.1/transforms/dd6be0543101c3b2bc1356328309f54e/transformed/core-splashscreen-1.2.0/proguard.txt)
# The proguard configuration file for the following section is androidx.vectordrawable:vectordrawable-animated:1.1.0 (extracted file: /home/Rve/.gradle/caches/9.6.1/transforms/2fe2bb6cd6ec031552e7134710a7d5df/transformed/vectordrawable-animated-1.1.0/proguard.txt)
# Copyright (C) 2016 The Android Open Source Project
#
# Licensed under the Apache License, Version 2.0 (the "License");
# you may not use this file except in compliance with the License.
# You may obtain a copy of the License at
#
#      http://www.apache.org/licenses/LICENSE-2.0
#
# Unless required by applicable law or agreed to in writing, software
# distributed under the License is distributed on an "AS IS" BASIS,
# WITHOUT WARRANTIES OR CONDITIONS OF ANY KIND, either express or implied.
# See the License for the specific language governing permissions and
# limitations under the License.

# keep setters in VectorDrawables so that animations can still work.
-keepclassmembers class androidx.vectordrawable.graphics.drawable.VectorDrawableCompat$* {
   void set*(***);
   *** get*();
}

# End of content from androidx.vectordrawable:vectordrawable-animated:1.1.0 (extracted file: /home/Rve/.gradle/caches/9.6.1/transforms/2fe2bb6cd6ec031552e7134710a7d5df/transformed/vectordrawable-animated-1.1.0/proguard.txt)
# The proguard configuration file for the following section is androidx.compose.animation:animation-core-android:1.12.0-alpha03 (extracted file: /home/Rve/.gradle/caches/9.6.1/transforms/760bea2ce09f9dd47ddcdcb791de950e/transformed/animation-core/proguard.txt)
# Copyright (C) 2020 The Android Open Source Project
#
# Licensed under the Apache License, Version 2.0 (the "License");
# you may not use this file except in compliance with the License.
# You may obtain a copy of the License at
#
#      http://www.apache.org/licenses/LICENSE-2.0
#
# Unless required by applicable law or agreed to in writing, software
# distributed under the License is distributed on an "AS IS" BASIS,
# WITHOUT WARRANTIES OR CONDITIONS OF ANY KIND, either express or implied.
# See the License for the specific language governing permissions and
# limitations under the License.

# Keep all the functions created to throw an exception. We don't want these functions to be
# inlined in any way, which R8 will do by default. The whole point of these functions is to
# reduce the amount of code generated at the call site.
-keepclassmembers,allowshrinking,allowobfuscation class androidx.compose.**.* {
    static void throw*Exception(...);
    static void throw*ExceptionForNullCheck(...);
    # For methods returning Nothing
    static java.lang.Void throw*Exception(...);
    static java.lang.Void throw*ExceptionForNullCheck(...);
}

# End of content from androidx.compose.animation:animation-core-android:1.12.0-alpha03 (extracted file: /home/Rve/.gradle/caches/9.6.1/transforms/760bea2ce09f9dd47ddcdcb791de950e/transformed/animation-core/proguard.txt)
# The proguard configuration file for the following section is androidx.compose.animation:animation-android:1.12.0-alpha03 (extracted file: /home/Rve/.gradle/caches/9.6.1/transforms/432374dfbaa3b2bc28380e22bf6a014a/transformed/animation/proguard.txt)
-assumevalues class androidx.compose.animation.IsLookaheadAnimationVisualDebuggingEnabledKt {
    boolean isLookaheadAnimationVisualDebuggingEnabled return false;
}

-assumenosideeffects class * {
    static androidx.compose.animation.LookaheadAnimationVisualDebugConfig *(...) return null;
}

-assumenosideeffects class androidx.compose.animation.LookaheadAnimationVisualDebugHelperKt {
    public static void LookaheadAnimationVisualDebugging(...);
}
# End of content from androidx.compose.animation:animation-android:1.12.0-alpha03 (extracted file: /home/Rve/.gradle/caches/9.6.1/transforms/432374dfbaa3b2bc28380e22bf6a014a/transformed/animation/proguard.txt)
# The proguard configuration file for the following section is androidx.compose.foundation:foundation-layout-android:1.12.0-alpha03 (extracted file: /home/Rve/.gradle/caches/9.6.1/transforms/cd9360648aab837c85becb0d02ff845c/transformed/foundation-layout/proguard.txt)
# Copyright (C) 2020 The Android Open Source Project
#
# Licensed under the Apache License, Version 2.0 (the "License");
# you may not use this file except in compliance with the License.
# You may obtain a copy of the License at
#
#      http://www.apache.org/licenses/LICENSE-2.0
#
# Unless required by applicable law or agreed to in writing, software
# distributed under the License is distributed on an "AS IS" BASIS,
# WITHOUT WARRANTIES OR CONDITIONS OF ANY KIND, either express or implied.
# See the License for the specific language governing permissions and
# limitations under the License.

# Keep all the functions created to throw an exception. We don't want these functions to be
# inlined in any way, which R8 will do by default. The whole point of these functions is to
# reduce the amount of code generated at the call site.
-keepclassmembers,allowshrinking,allowobfuscation class androidx.compose.**.* {
    static void throw*Exception(...);
    static void throw*ExceptionForNullCheck(...);
    # For methods returning Nothing
    static java.lang.Void throw*Exception(...);
    static java.lang.Void throw*ExceptionForNullCheck(...);
}

# End of content from androidx.compose.foundation:foundation-layout-android:1.12.0-alpha03 (extracted file: /home/Rve/.gradle/caches/9.6.1/transforms/cd9360648aab837c85becb0d02ff845c/transformed/foundation-layout/proguard.txt)
# The proguard configuration file for the following section is androidx.compose.foundation:foundation-android:1.12.0-alpha03 (extracted file: /home/Rve/.gradle/caches/9.6.1/transforms/cbbd698f88c5b4f5ca63d3359b01232b/transformed/foundation/proguard.txt)
# Copyright (C) 2020 The Android Open Source Project
#
# Licensed under the Apache License, Version 2.0 (the "License");
# you may not use this file except in compliance with the License.
# You may obtain a copy of the License at
#
#      http://www.apache.org/licenses/LICENSE-2.0
#
# Unless required by applicable law or agreed to in writing, software
# distributed under the License is distributed on an "AS IS" BASIS,
# WITHOUT WARRANTIES OR CONDITIONS OF ANY KIND, either express or implied.
# See the License for the specific language governing permissions and
# limitations under the License.

# Keep all the functions created to throw an exception. We don't want these functions to be
# inlined in any way, which R8 will do by default. The whole point of these functions is to
# reduce the amount of code generated at the call site.
-keepclassmembers,allowshrinking,allowobfuscation class androidx.compose.**.* {
    static void throw*Exception(...);
    # For methods returning Nothing
    static java.lang.Void throw*Exception(...);
}


# End of content from androidx.compose.foundation:foundation-android:1.12.0-alpha03 (extracted file: /home/Rve/.gradle/caches/9.6.1/transforms/cbbd698f88c5b4f5ca63d3359b01232b/transformed/foundation/proguard.txt)
# The proguard configuration file for the following section is androidx.compose.ui:ui-unit-android:1.12.0-alpha03 (extracted file: /home/Rve/.gradle/caches/9.6.1/transforms/ec37c44e8d9c3e2ac24fdb507b4c79d4/transformed/ui-unit/proguard.txt)
# Copyright (C) 2020 The Android Open Source Project
#
# Licensed under the Apache License, Version 2.0 (the "License");
# you may not use this file except in compliance with the License.
# You may obtain a copy of the License at
#
#      http://www.apache.org/licenses/LICENSE-2.0
#
# Unless required by applicable law or agreed to in writing, software
# distributed under the License is distributed on an "AS IS" BASIS,
# WITHOUT WARRANTIES OR CONDITIONS OF ANY KIND, either express or implied.
# See the License for the specific language governing permissions and
# limitations under the License.

# Keep all the functions created to throw an exception. We don't want these functions to be
# inlined in any way, which R8 will do by default. The whole point of these functions is to
# reduce the amount of code generated at the call site.
-keepclassmembers,allowshrinking,allowobfuscation class androidx.compose.**.* {
    static void throw*Exception(...);
    static void throw*ExceptionForNullCheck(...);
    # For methods returning Nothing
    static java.lang.Void throw*Exception(...);
    static java.lang.Void throw*ExceptionForNullCheck(...);
}

# End of content from androidx.compose.ui:ui-unit-android:1.12.0-alpha03 (extracted file: /home/Rve/.gradle/caches/9.6.1/transforms/ec37c44e8d9c3e2ac24fdb507b4c79d4/transformed/ui-unit/proguard.txt)