app/build/outputs/mapping/release/seeds.txt
com.axion.diagnostics.service.CpuOverlayService
com.axion.diagnostics.service.MonitorService
com.axion.diagnostics.DiagnosticsActivity
com.axion.diagnostics.service.CpuOverlayService: CpuOverlayService()
com.axion.diagnostics.data.InsightSeverity: com.axion.diagnostics.data.InsightSeverity[] values()
com.axion.diagnostics.data.RegressionType: com.axion.diagnostics.data.RegressionType[] values()
com.axion.diagnostics.service.MonitorService: MonitorService()
com.axion.diagnostics.data.ProcessType: com.axion.diagnostics.data.ProcessType valueOf(java.lang.String)
com.axion.diagnostics.DiagnosticsActivity: DiagnosticsActivity()
com.axion.diagnostics.data.StorageVolumeRole: com.axion.diagnostics.data.StorageVolumeRole[] values()
com.axion.diagnostics.data.StorageVolumeRole: com.axion.diagnostics.data.StorageVolumeRole valueOf(java.lang.String)
com.axion.diagnostics.data.Severity: com.axion.diagnostics.data.Severity valueOf(java.lang.String)
com.axion.diagnostics.data.Severity: com.axion.diagnostics.data.Severity[] values()
com.axion.diagnostics.data.ProcessType: com.axion.diagnostics.data.ProcessType[] values()
com.axion.diagnostics.data.InsightSeverity: com.axion.diagnostics.data.InsightSeverity valueOf(java.lang.String)
com.axion.diagnostics.data.LeakConfidence: com.axion.diagnostics.data.LeakConfidence valueOf(java.lang.String)
com.axion.diagnostics.data.RegressionType: com.axion.diagnostics.data.RegressionType valueOf(java.lang.String)
com.axion.diagnostics.data.LeakConfidence: com.axion.diagnostics.data.LeakConfidence[] values()
...
androidx.compose.ui.platform.AndroidComposeView: androidx.compose.ui.node.LayoutNodeDrawScope getSharedDrawScope()
androidx.compose.ui.platform.AndroidComposeView: androidx.compose.ui.platform.AndroidComposeView getOutOfFrameExecutor()
androidx.core.view.WindowInsetsCompat$Impl35: java.util.List getBoundingRectsIgnoringVisibility(int)
kotlinx.coroutines.android.AndroidDispatcherFactory: AndroidDispatcherFactory()
androidx.core.view.WindowInsetsCompat$Impl: androidx.core.graphics.Insets getSystemGestureInsets()
androidx.compose.material3.tokens.ColorSchemeKeyTokens: androidx.compose.material3.tokens.ColorSchemeKeyTokens valueOf(java.lang.String)
androidx.window.area.reflectionguard.WindowAreaComponentApi3Requirements: void addRearDisplayStatusListener(androidx.window.extensions.core.util.function.Consumer)
androidx.compose.ui.platform.AbstractComposeView: void setShowLayoutBounds(boolean)
androidx.compose.runtime.InvalidationResult: androidx.compose.runtime.InvalidationResult valueOf(java.lang.String)
androidx.compose.ui.platform.AndroidComposeView: androidx.compose.ui.node.OutOfFrameExecutor getOutOfFrameExecutor()
androidx.window.reflection.Consumer2: void accept(java.lang.Object)
androidx.compose.ui.platform.AndroidComposeViewTranslationCallbackS: void clearViewTranslationCallback(android.view.View)
androidx.compose.animation.core.PreconditionsKt: void throwIllegalStateException(java.lang.String)
kotlinx.coroutines.CoroutineStart: kotlinx.coroutines.CoroutineStart valueOf(java.lang.String)
androidx.core.view.WindowInsetsCompat$Impl: androidx.core.graphics.Insets getMandatorySystemGestureInsets()
androidx.compose.ui.platform.AndroidComposeView: androidx.compose.ui.layout.WindowInsetsWatcher getInsetsWatcher()
androidx.core.view.WindowInsetsCompat$Impl30: boolean isVisible(int)
androidx.compose.ui.text.internal.InlineClassHelperKt: java.lang.Void throwIllegalStateExceptionForNullCheck(java.lang.String)
androidx.core.view.WindowInsetsCompat$TypeImpl34: int toPlatformType(int)
androidx.core.view.WindowInsetsCompat$Impl21: WindowInsetsCompat$Impl21(androidx.core.view.WindowInsetsCompat,androidx.core.view.WindowInsetsCompat$Impl21)
android.support.v4.graphics.drawable.IconCompatParcelizer: IconCompatParcelizer()
androidx.compose.ui.platform.AndroidComposeView: androidx.compose.ui.autofill.AndroidAutofill getAutofill()
androidx.core.view.WindowInsetsCompat$Impl: androidx.core.graphics.Insets getInsets(int)
androidx.activity.EdgeToEdgeApi28: void adjustLayoutInDisplayCutoutMode(android.view.Window)
androidx.compose.material3.tokens.MotionSchemeKeyTokens: androidx.compose.material3.tokens.MotionSchemeKeyTokens valueOf(java.lang.String)
androidx.compose.ui.node.NodeMeasuringIntrinsics$IntrinsicWidthHeight: androidx.compose.ui.node.NodeMeasuringIntrinsics$IntrinsicWidthHeight valueOf(java.lang.String)
androidx.compose.ui.platform.AndroidComposeView: void setComposeViewContextIncrementedDuringInit$ui(boolean)
androidx.compose.material3.tokens.MotionSchemeKeyTokens: androidx.compose.material3.tokens.MotionSchemeKeyTokens[] values()
androidx.core.view.WindowInsetsCompat$Impl: androidx.core.graphics.Insets getTappableElementInsets()
androidx.compose.ui.platform.AndroidComposeView: void getTextInputService$annotations()
androidx.compose.ui.platform.AndroidComposeView: long getMeasureIteration()
androidx.core.view.WindowInsetsCompat$Impl34: WindowInsetsCompat$Impl34(androidx.core.view.WindowInsetsCompat,android.view.WindowInsets)
androidx.compose.ui.layout.IntrinsicMinMax: androidx.compose.ui.layout.IntrinsicMinMax valueOf(java.lang.String)
androidx.core.view.WindowInsetsCompat$Impl20: java.util.List getBoundingRectsIgnoringVisibility(int)
androidx.compose.ui.internal.InlineClassHelperKt: void throwIllegalStateException(java.lang.String)
androidx.core.view.WindowInsetsCompat$Impl30: void copyRootViewBounds(android.view.View)
androidx.core.view.ViewCompat$Api28Impl: boolean isAccessibilityHeading(android.view.View)