app/build/outputs/mapping/release/usage.txt
com.axion.diagnostics.DiagnosticsActivity:
    public static final int $stable
    public static final com.axion.diagnostics.DiagnosticsActivity$Companion Companion
    public static final java.lang.String SETTING_KEY
com.axion.diagnostics.R$string:
    public static int action_clear
    public static int action_export
    public static int action_export_log
    public static int action_start
    public static int action_stop
    public static int col_avg
    public static int col_avg_ma
    public static int col_drain
    public static int col_hour
    public static int col_peak
    public static int col_pid
    public static int col_scr_on
    public static int col_service
    public static int col_thread
    public static int col_tid
    public static int col_trend
    public static int common_collecting
    public static int common_no
    public static int common_off
    public static int common_on
    public static int common_yes
    public static int cpu_overlay_permission_title
    public static int drain_current_graph
    public static int drain_hourly
    public static int drain_how_to_use_body
    public static int drain_monitor_title
    public static int drain_rate_over_time
    public static int how_to_use
    public static int label_avg_cpu
    public static int label_avg_rss
    public static int label_battery_level
    public static int label_busy_binders
    public static int label_charging
    public static int label_confidence
    public static int label_current_cpu
    public static int label_current_rss
    public static int label_est_drain_rate
    public static int label_free_async
    public static int label_full_10
    public static int label_growth
com.axion.diagnostics.R
com.axion.diagnostics.data.AppProcess:
    public static final int $stable
    public final int component1()
    public final java.lang.String component2()
    public final float component3()
    public final long component4()
    public final int component5()
    public final java.lang.String component6()
    public final int component7()
    public final com.axion.diagnostics.data.ProcessType component8()
    public final com.axion.diagnostics.data.AppProcess copy(int,java.lang.String,float,long,int,java.lang.String,int,com.axion.diagnostics.data.ProcessType)
    public static synthetic com.axion.diagnostics.data.AppProcess copy$default(com.axion.diagnostics.data.AppProcess,int,java.lang.String,float,long,int,java.lang.String,int,com.axion.diagnostics.data.ProcessType,int,java.lang.Object)
    public final int getOomAdj()
    public final java.lang.String getState()
com.axion.diagnostics.data.AppUsage:
    public final int component1()
    public final java.util.List component10()
    public final float component11()
    public final float component12()
    public final com.axion.diagnostics.data.ProcessType component13()
    public final java.lang.String component2()
    public final java.lang.String component3()
    public final float component4()
    public final long component5()
    public final long component6()
    public final long component7()
    public final int component8()
    public final int component9()
    public final com.axion.diagnostics.data.AppUsage copy(int,java.lang.String,java.lang.String,float,long,long,long,int,int,java.util.List,float,float,com.axion.diagnostics.data.ProcessType)
    public static synthetic com.axion.diagnostics.data.AppUsage copy$default(com.axion.diagnostics.data.AppUsage,int,java.lang.String,java.lang.String,float,long,long,long,int,int,java.util.List,float,float,com.axion.diagnostics.data.ProcessType,int,java.lang.Object)
com.axion.diagnostics.data.AppUsageCollector:
    public static final int $stable
    private static final int HISTORY_SIZE
com.axion.diagnostics.data.BatteryCollector:
    public static final int $stable
com.axion.diagnostics.data.BatteryInfoKt:
    private static final long CURRENT_UA_THRESHOLD
    private static final int MAX_REASONABLE_CURRENT_MA
...
kotlin.ranges.IntRange$Companion
kotlin.ranges.IntRange:
    public static final kotlin.ranges.IntRange$Companion Companion
    public static java.lang.Integer getEndInclusive()
    public static java.lang.Integer getStart()
kotlin.ranges.RangesKt___RangesKt
kotlin.reflect.KCallable:
    public varargs abstract java.lang.Object call()
kotlin.reflect.KClass:
    public abstract java.lang.String getQualifiedName()
    public abstract java.lang.String getSimpleName()
    public abstract int hashCode()
    public abstract boolean isInstance(java.lang.Object)
kotlin.reflect.KClasses
kotlin.reflect.KDeclarationContainer
kotlin.reflect.KMutableProperty1:
    public abstract java.lang.Object get(java.lang.Object)
    public abstract void getGetter()
kotlin.reflect.KProperty0
kotlin.reflect.KProperty1$Getter
kotlin.reflect.KProperty1
kotlin.sequences.FilteringSequence:
    public boolean sendWhen
kotlin.sequences.GeneratorSequence:
    public androidx.core.view.ViewKt$ancestors$1 getNextValue
kotlin.sequences.SequenceBuilderIterator:
    public java.util.Iterator nextIterator
    public static void setNextStep()
kotlin.sequences.SequenceScope
kotlin.sequences.SequencesKt:
    public static kotlin.sequences.SequencesKt___SequencesKt$asIterable$$inlined$Iterable$1 asIterable(kotlin.text.DelimitedRangesSequence)
    public static kotlin.sequences.FilteringSequence filter(kotlin.io.FileTreeWalk,kotlin.jvm.functions.Function1)
kotlin.sequences.SequencesKt__SequencesKt:
    public static kotlin.sequences.Sequence asSequence(java.util.Iterator)
    public static kotlin.sequences.Sequence constrainOnce(kotlin.sequences.Sequence)
kotlin.sequences.SequencesKt___SequencesKt
kotlin.sequences.TransformingSequence$iterator$1
kotlin.sequences.TransformingSequence
kotlin.text.CharsKt__CharKt
kotlin.text.DelimitedRangesSequence$iterator$1:
    public int counter
    public static kotlin.ranges.IntRange next()
kotlin.text.DelimitedRangesSequence:
    public final int limit
    public final int startIndex
kotlin.text.LinesIterator$State
kotlin.text.LinesIterator:
    static void <clinit>()
    public final java.lang.String next()
kotlin.text.MatchGroup
kotlin.text.MatchGroupCollection
kotlin.text.MatchResult
kotlin.text.MatcherMatchResult$groupValues$1:
    public static bridge boolean contains$5()
    public static java.lang.String get()
    public static bridge int indexOf$2()
    public static bridge int lastIndexOf$3()
kotlin.text.MatcherMatchResult$groups$1$$InternalSyntheticLambda$3$7261d83373bebf46f3759f39aaea6f278a010dff54c974b75e36d56cf73e7e52$0
kotlin.text.MatcherMatchResult$groups$1
kotlin.text.Regex$Companion
kotlin.text.Regex:
    static void <clinit>()
    public static kotlin.text.MatchResult find()
    public final boolean matches(java.lang.String)
    public final java.util.List split(java.lang.String)
kotlin.text.RegexKt
kotlin.text.StringsKt:
    public static char last(java.lang.CharSequence)
kotlin.text.StringsKt__IndentKt$$InternalSyntheticLambda$3$fe0c1f91d836d2ef21726453f8adf4b5ce538a147348ee1cbaefd96aeb15e6a0$0
kotlin.text.StringsKt__IndentKt$$InternalSyntheticLambda$3$fe0c1f91d836d2ef21726453f8adf4b5ce538a147348ee1cbaefd96aeb15e6a0$1
kotlin.text.StringsKt__IndentKt:
    public static final kotlin.jvm.functions.Function1 getIndentFunction$StringsKt__IndentKt()
kotlin.text.StringsKt__StringNumberConversionsKt
kotlin.text.StringsKt__StringsJVMKt:
    public static final boolean regionMatches(java.lang.String,java.lang.String,int,int,boolean)
    public static java.lang.Integer toIntOrNull(java.lang.String)
kotlin.text.StringsKt__StringsKt$$InternalSyntheticLambda$3$502501cddd73bb162d6ca9a92ded4c57d40d4ff33ca2ed3e06965905455a52cd$0:
    public synthetic boolean f$1
kotlin.text.StringsKt__StringsKt$$InternalSyntheticLambda$7$4732cf1072db78dbb5452db37a054ef6089859b432242fd75ccd4b77b2979264$0:
    public synthetic boolean f$1
kotlin.text.StringsKt__StringsKt$lineSequence$$inlined$Sequence$1